d:\anrii\ki38\3.1\ks\lab4\debug\vc142.pdb
d:\anrii\ki38\3.1\ks\lab4\debug\vc142.idb
d:\anrii\ki38\3.1\ks\lab4\debug\stage5.obj
d:\anrii\ki38\3.1\ks\lab4\debug\stage4.obj
d:\anrii\ki38\3.1\ks\lab4\debug\stage3.obj
d:\anrii\ki38\3.1\ks\lab4\debug\stage2.obj
d:\anrii\ki38\3.1\ks\lab4\debug\stage1.obj
d:\anrii\ki38\3.1\ks\lab4\debug\source.obj
d:\anrii\ki38\3.1\ks\lab4\debug\observer.obj
d:\anrii\ki38\3.1\ks\lab4\debug\numgen.obj
d:\anrii\ki38\3.1\ks\lab4\debug\display.obj
d:\anrii\ki38\3.1\ks\lab4\debug\pipe.exe
d:\anrii\ki38\3.1\ks\lab4\debug\pipe.ilk
d:\anrii\ki38\3.1\ks\lab4\debug\pipe.pdb
d:\anrii\ki38\3.1\ks\lab4\debug\pipe.tlog\cl.command.1.tlog
d:\anrii\ki38\3.1\ks\lab4\debug\pipe.tlog\cl.read.1.tlog
d:\anrii\ki38\3.1\ks\lab4\debug\pipe.tlog\cl.write.1.tlog
d:\anrii\ki38\3.1\ks\lab4\debug\pipe.tlog\link.command.1.tlog
d:\anrii\ki38\3.1\ks\lab4\debug\pipe.tlog\link.read.1.tlog
d:\anrii\ki38\3.1\ks\lab4\debug\pipe.tlog\link.write.1.tlog
